level.dat: NBT Decode Start
level.dat: [] COMPOUND-1 {
level.dat:   [CenterMapsToOrigin] 0 0x0 (byte)
level.dat:   [ConfirmedPlatformLockedContent] 0 0x0 (byte)
level.dat:   [Difficulty] 2 0x2 (int)
level.dat:   [FlatWorldLayers] 'null
' (string)
level.dat:   [ForceGameType] 1 0x1 (byte)
level.dat:   [GameType] 0 0x0 (int)
level.dat:   [Generator] 1 0x1 (int)
level.dat:   [InventoryVersion] '1.10.0' (string)
level.dat:   [LANBroadcast] 0 0x0 (byte)
level.dat:   [LANBroadcastIntent] 1 0x1 (byte)
level.dat:   [LastPlayed] 1564424764 0x5d3f3a3c (long)
level.dat:   [LevelName] 'MEINKRAFT 2.0 - Copy' (string)
level.dat:   [LimitedWorldOriginX] 0 0x0 (int)
level.dat:   [LimitedWorldOriginY] 32767 0x7fff (int)
level.dat:   [LimitedWorldOriginZ] 4 0x4 (int)
level.dat:   [MinimumCompatibleClientVersion] LIST-1 {
level.dat:     [] 1 0x1 (int)
level.dat:     [] 12 0xc (int)
level.dat:     [] 0 0x0 (int)
level.dat:     [] 25 0x19 (int)
level.dat:     [] 1 0x1 (int)
level.dat:   } LIST-1
level.dat:   [MultiplayerGame] 1 0x1 (byte)
level.dat:   [MultiplayerGameIntent] 0 0x0 (byte)
level.dat:   [NetherScale] 8 0x8 (int)
level.dat:   [NetworkVersion] 340 0x154 (int)
level.dat:   [Platform] 2 0x2 (int)
level.dat:   [PlatformBroadcastIntent] 0 0x0 (int)
level.dat:   [RandomSeed] 2135045404 0x7f42351c (long)
level.dat:   [SpawnV1Villagers] 0 0x0 (byte)
level.dat:   [SpawnX] 0 0x0 (int)
level.dat:   [SpawnY] 32767 0x7fff (int)
level.dat:   [SpawnZ] 4 0x4 (int)
level.dat:   [StorageVersion] 8 0x8 (int)
level.dat:   [Time] 91255444 0x5707294 (long)
level.dat:   [XBLBroadcastIntent] 3 0x3 (int)
level.dat:   [abilities] COMPOUND-2 {
level.dat:     [attackmobs] 1 0x1 (byte)
level.dat:     [attackplayers] 1 0x1 (byte)
level.dat:     [build] 1 0x1 (byte)
level.dat:     [doorsandswitches] 1 0x1 (byte)
level.dat:     [flySpeed] 0.050000 (float)
level.dat:     [flying] 0 0x0 (byte)
level.dat:     [instabuild] 0 0x0 (byte)
level.dat:     [invulnerable] 0 0x0 (byte)
level.dat:     [lightning] 0 0x0 (byte)
level.dat:     [mayfly] 0 0x0 (byte)
level.dat:     [mine] 1 0x1 (byte)
level.dat:     [op] 0 0x0 (byte)
level.dat:     [opencontainers] 1 0x1 (byte)
level.dat:     [permissionsLevel] 0 0x0 (int)
level.dat:     [playerPermissionsLevel] 1 0x1 (int)
level.dat:     [teleport] 0 0x0 (byte)
level.dat:     [walkSpeed] 0.100000 (float)
level.dat:   } COMPOUND-2
level.dat:   [bonusChestEnabled] 0 0x0 (byte)
level.dat:   [bonusChestSpawned] 0 0x0 (byte)
level.dat:   [commandblockoutput] 1 0x1 (byte)
level.dat:   [commandblocksenabled] 1 0x1 (byte)
level.dat:   [commandsEnabled] 0 0x0 (byte)
level.dat:   [currentTick] 143314731 0x88acf2b (long)
level.dat:   [dodaylightcycle] 1 0x1 (byte)
level.dat:   [doentitydrops] 1 0x1 (byte)
level.dat:   [dofiretick] 1 0x1 (byte)
level.dat:   [doimmediaterespawn] 0 0x0 (byte)
level.dat:   [doinsomnia] 1 0x1 (byte)
level.dat:   [domobloot] 1 0x1 (byte)
level.dat:   [domobspawning] 1 0x1 (byte)
level.dat:   [dotiledrops] 1 0x1 (byte)
level.dat:   [doweathercycle] 1 0x1 (byte)
level.dat:   [drowningdamage] 1 0x1 (byte)
level.dat:   [eduLevel] 0 0x0 (byte)
level.dat:   [educationFeaturesEnabled] 0 0x0 (byte)
level.dat:   [experimentalgameplay] 0 0x0 (byte)
level.dat:   [falldamage] 1 0x1 (byte)
level.dat:   [firedamage] 1 0x1 (byte)
level.dat:   [functioncommandlimit] 10000 0x2710 (int)
level.dat:   [hasBeenLoadedInCreative] 0 0x0 (byte)
level.dat:   [hasLockedBehaviorPack] 0 0x0 (byte)
level.dat:   [hasLockedResourcePack] 0 0x0 (byte)
level.dat:   [immutableWorld] 0 0x0 (byte)
level.dat:   [isFromLockedTemplate] 0 0x0 (byte)
level.dat:   [isFromWorldTemplate] 0 0x0 (byte)
level.dat:   [isWorldTemplateOptionLocked] 0 0x0 (byte)
level.dat:   [keepinventory] 0 0x0 (byte)
level.dat:   [lastOpenedWithVersion] LIST-2 {
level.dat:     [] 1 0x1 (int)
level.dat:     [] 12 0xc (int)
level.dat:     [] 0 0x0 (int)
level.dat:     [] 28 0x1c (int)
level.dat:     [] 1 0x1 (int)
level.dat:   } LIST-2
level.dat:   [lightningLevel] 0.000000 (float)
level.dat:   [lightningTime] 10312 0x2848 (int)
level.dat:   [maxcommandchainlength] 65535 0xffff